0:100  0:100  MemLog inited, TSC freq: 1800034851
0:100  0:000  CPU was calibrated with ACPI PM Timer
0:100  0:000  
0:100  0:000  Now is 18.05.2020,  04:26:38 (GMT)
0:100  0:000  Starting Clover revision: 5115 (master, commit fbbaa8ad2) on Parallels EFI x64 15.1.2-47123 EFI
0:100  0:000  Build with: [Args: -D NO_GRUB_DRIVERS_EMBEDDED -t GCC53 | -D NO_GRUB_DRIVERS_EMBEDDED --conf=/Users/sergey/src/Clover/Conf -D USE_LOW_EBDA -a X64 -b RELEASE -t GCC53 -n 5 | OS: 10.14.6]
0:100  0:000  SelfDevicePath=PciRoot(0x0)\Pci(0x1F,0x7)\NVMe(0x1,50-01-C4-23-83-35-5F-F1)\HD(1,GPT,F439D7F0-05B8-4A8B-A8BD-596DFE787134,0x800,0x104008) @ADDA3198
0:100  0:000  SelfDirPath = \EFI\BOOT
0:100  0:000  Clover : Image base = 0xACC15000
0:100  0:000  SimpleTextEx Status=Success
0:100  0:000  === [ Get Smbios ] ==============================
0:100  0:000  Type 16 Index = 0
0:100  0:000  Total Memory Slots Count = 8
0:100  0:000  Type 17 Index = 0
0:100  0:000  SmbiosTable.Type17->Speed = 667MHz
0:100  0:000  SmbiosTable.Type17->Size = 4096MB
0:100  0:000  SmbiosTable.Type17->Bank/Device = BANK #0 DIMM #0
0:100  0:000  SmbiosTable.Type17->Vendor = 
0:100  0:000  SmbiosTable.Type17->SerialNumber = 
0:100  0:000  SmbiosTable.Type17->PartNumber = 
0:100  0:000  Type 17 Index = 1
0:100  0:000  SmbiosTable.Type17->Speed = 667MHz
0:100  0:000  SmbiosTable.Type17->Size = 2048MB
0:100  0:000  SmbiosTable.Type17->Bank/Device = BANK #1 DIMM #1
0:100  0:000  SmbiosTable.Type17->Vendor = 
0:100  0:000  SmbiosTable.Type17->SerialNumber = 
0:100  0:000  SmbiosTable.Type17->PartNumber = 
0:100  0:000  Type 17 Index = 2
0:100  0:000  SmbiosTable.Type17->Speed = 667MHz
0:100  0:000  SmbiosTable.Type17->Size = 0MB
0:100  0:000  SmbiosTable.Type17->Bank/Device = BANK #2 DIMM #2
0:100  0:000  SmbiosTable.Type17->Vendor = 
0:100  0:000  SmbiosTable.Type17->SerialNumber = 
0:100  0:000  SmbiosTable.Type17->PartNumber = 
0:100  0:000  Type 17 Index = 3
0:100  0:000  SmbiosTable.Type17->Speed = 667MHz
0:100  0:000  SmbiosTable.Type17->Size = 0MB
0:100  0:000  SmbiosTable.Type17->Bank/Device = BANK #3 DIMM #3
0:100  0:000  SmbiosTable.Type17->Vendor = 
0:100  0:000  SmbiosTable.Type17->SerialNumber = 
0:100  0:000  SmbiosTable.Type17->PartNumber = 
0:100  0:000  Type 17 Index = 4
0:100  0:000  SmbiosTable.Type17->Speed = 667MHz
0:100  0:000  SmbiosTable.Type17->Size = 0MB
0:100  0:000  SmbiosTable.Type17->Bank/Device = BANK #4 DIMM #4
0:100  0:000  SmbiosTable.Type17->Vendor = 
0:100  0:000  SmbiosTable.Type17->SerialNumber = 
0:100  0:000  SmbiosTable.Type17->PartNumber = 
0:100  0:000  Type 17 Index = 5
0:100  0:000  SmbiosTable.Type17->Speed = 667MHz
0:100  0:000  SmbiosTable.Type17->Size = 0MB
0:100  0:000  SmbiosTable.Type17->Bank/Device = BANK #5 DIMM #5
0:100  0:000  SmbiosTable.Type17->Vendor = 
0:100  0:000  SmbiosTable.Type17->SerialNumber = 
0:100  0:000  SmbiosTable.Type17->PartNumber = 
0:100  0:000  Type 17 Index = 6
0:100  0:000  SmbiosTable.Type17->Speed = 667MHz
0:100  0:000  SmbiosTable.Type17->Size = 0MB
0:100  0:000  SmbiosTable.Type17->Bank/Device = BANK #6 DIMM #6
0:100  0:000  SmbiosTable.Type17->Vendor = 
0:100  0:000  SmbiosTable.Type17->SerialNumber = 
0:100  0:000  SmbiosTable.Type17->PartNumber = 
0:100  0:000  Type 17 Index = 7
0:100  0:000  SmbiosTable.Type17->Speed = 667MHz
0:100  0:000  SmbiosTable.Type17->Size = 0MB
0:100  0:000  SmbiosTable.Type17->Bank/Device = BANK #7 DIMM #7
0:100  0:000  SmbiosTable.Type17->Vendor = 
0:100  0:000  SmbiosTable.Type17->SerialNumber = 
0:100  0:000  SmbiosTable.Type17->PartNumber = 
0:100  0:000  Boot status=0
0:100  0:000  Running on: 'Parallels Virtual Platform' with board 'Parallels Virtual Platform'
0:100  0:000  === [ GetCPUProperties ] ========================
0:100  0:000  CPU Vendor = 756E6547 Model=806EA
0:100  0:000   The CPU supported SSE4.1
0:100  0:000  BrandString = Intel(R) Core(TM) i5-8250U CPU @ 1.60GHz
0:100  0:000  got cores from CPUID_1 = 4
0:100  0:000   The CPU not supported turbo
0:100  0:000  MSR 0x35               40004
0:100  0:000   TSC/CCC Information Leaf:
0:100  0:000    numerator     : 150
0:100  0:000    denominator   : 2
0:100  0:000   Calibrated ARTFrequency: 24000464
0:100  0:000   Rounded ARTFrequency: 24000000
0:100  0:000  MSR 0xE2 before patch 00000000
0:100  0:000  MSR 0xCE              00000000_00001200
0:100  0:000  FSBFrequency = 100 MHz, DMI FSBFrequency = 100 MHz, Corrected FSBFrequency = 100 MHz
0:100  0:000  MaxDiv/MinDiv: 18.0/0
0:100  0:000  Turbo: 18/0/0/0
0:100  0:000  Features: 0xF7DA32031F8BFBFF
0:100  0:000  Threads: 4
0:100  0:000  Cores: 4
0:100  0:000  FSB: 100 MHz
0:100  0:000  CPU: 1800 MHz
0:100  0:000  TSC: 1800 MHz
0:100  0:000  PIS: 100 MHz
0:100  0:000  ExternalClock: 25 MHz
0:100  0:000  === [ GetDevices ] ==============================
0:100  0:000  GOP found at: PciRoot(0x0)/Pci(0x1,0x0)/Pci(0x0,0x0)/AcpiAdr(0x80010100)
0:100  0:000  PCI (00|00:00.00) : 8086 29A0 class=060000
0:100  0:000  PCI (00|00:01.00) : 8086 2981 class=060401
0:100  0:000  PCI (00|01:00.00) : 1AB8 4005 class=030000
0:100  0:000   - GOP: Provided by device
0:100  0:000  PCI (00|00:03.00) : 1AB8 4000 class=FF0000
0:100  0:000  PCI (00|00:05.00) : 8086 10D3 class=020000
0:100  0:000   - LAN: 0 Vendor=Intel
0:100  0:000  PCI (00|00:0A.00) : 1011 0022 class=060400
0:100  0:000  PCI (00|00:0E.00) : 1AB8 4006 class=FF0000
0:100  0:000  PCI (00|00:1D.00) : 8086 2658 class=0C0300
0:100  0:000  PCI (00|00:1D.06) : 1033 0194 class=0C0330
0:100  0:000  PCI (00|00:1D.07) : 8086 265C class=0C0320
0:100  0:000  PCI (00|00:1E.00) : 8086 244E class=060400
0:100  0:000  PCI (00|00:1F.00) : 8086 2810 class=060100
0:100  0:000  PCI (00|00:1F.01) : 8086 244B class=010180
0:100  0:000  PCI (00|00:1F.02) : 8086 2821 class=010601
0:100  0:000  PCI (00|00:1F.03) : 8086 283E class=0C0500
0:101  0:000  PCI (00|00:1F.04) : 8086 293E class=040300
0:101  0:000  PCI (00|00:1F.07) : 1AB8 4007 class=010802
0:101  0:000  === [ GetDefaultSettings ] ======================
0:101  0:000  Clover load options size = 0 bytes
0:103  0:002  CheckOEMPathExists tried EFI\CLOVER\OEM\Parallels Virtual Platform--00-00-00-00-00-00. Dir not exists
0:103  0:000  CheckOEMPathExists tried EFI\CLOVER\OEM\Parallels Virtual Platform\UEFI. Dir not exists
0:103  0:000  CheckOEMPathExists tried EFI\CLOVER\OEM\Parallels Virtual Platform. Dir not exists
0:103  0:000  CheckOEMPathExists tried EFI\CLOVER\OEM\Parallels Virtual Platform-1800. Dir not exists
0:103  0:000  CheckOEMPathExists tried EFI\CLOVER\OEM\Parallels Virtual Platform. Dir not exists
0:103  0:000  CheckOEMPathExists tried EFI\CLOVER\OEM\Parallels Virtual Platform-1800. Dir not exists
0:103  0:000  set OEMPath by default: EFI\CLOVER
0:112  0:008  EFI\CLOVER\config.plist loaded: Success
0:112  0:000  === [ GetListOfThemes ] =========================
0:112  0:000  - [00]: Minimalism
0:114  0:001  - [01]: random
0:115  0:001  - [01]: embedded
0:115  0:000  - [01]: clover-minimal-inverted
0:116  0:001  === [ Found config plists ] =====================
0:116  0:000  - config kopyası.plist
0:116  0:000  - config.plist
0:117  0:000  === [ GetEarlyUserSettings ] ====================
0:117  0:000  timeout set to 2
0:117  0:000  Custom boot CUSTOM_BOOT_DISABLED (0x0)
0:117  0:000   get BlueValue=1.200000
0:117  0:000  KextsToPatch: 5 requested
0:117  0:000   - [00]: com.apple.driver.AppleAHCIPort (External icons patch) :: MatchOS: 10.13.x,10.14.x :: BinPatch :: data len: 8
0:117  0:000   - [01]: com.apple.iokit.IOUSBHostFamily (USB Port Limit Patch 1 ©PMHeart) :: MatchOS: 10.14.4 :: BinPatch :: data len: 9
0:117  0:000   - [02]: com.apple.driver.usb.AppleUSBXHCI (USB Port Limit Patch 2 ©PMHeart﻿) :: MatchOS: 10.14.4 :: BinPatch :: data len: 10
0:117  0:000   - [03]: com.apple.iokit.IOUSBHostFamily (USB Port Limit Patch 3 ©P﻿MHeart﻿﻿) :: MatchOS: 10.14.4 :: BinPatch :: data len: 8
0:117  0:000   - [04]: com.apple.driver.AppleMikeyDriver (MikeyDriver Patch Assertions) :: MatchOS: 10.13.x,10.14.x :: BinPatch :: data len: 16
0:117  0:000  Default theme: clover-minimal-inverted
0:117  0:000  Hiding entries with string Preboot
0:117  0:000   Custom EDID is ok
0:117  0:000  === [ LoadDrivers ] =============================
0:118  0:000  Loading ApfsDriverLoader.efi  status=Success
0:119  0:001   - driver needs connecting
0:119  0:000  Loading AptioMemoryFix.efi  status=Success
0:120  0:001  Loading DataHubDxe.efi  status=Success
0:121  0:000  Loading FSInject.efi  status=Success
0:122  0:001  Loading HFSPlus.efi  status=Success
0:122  0:000   - driver needs connecting
0:122  0:000  Loading NTFS.efi  status=Success
0:123  0:001   - driver needs connecting
0:123  0:000  Loading PartitionDxe.efi  status=Success
0:124  0:000   - driver needs connecting
0:124  0:000  Loading NvmExpressDxe.efi  status=Success
0:125  0:000   - driver needs connecting
0:125  0:000  Loading Fat.efi  status=Success
0:125  0:000   - driver needs connecting
0:125  0:000  Loading Ps2MouseDxe.efi  status=Success
0:125  0:000   - driver needs connecting
0:125  0:000  Loading UsbKbDxe.efi  status=Success
0:125  0:000   - driver needs connecting
0:125  0:000  Loading UsbMouseDxe.efi  status=Success
0:125  0:000   - driver needs connecting
0:125  0:000  Loading VirtualSmc.efi  status=Success
0:226  0:100  Loading VBoxExt4.efi  status=Success
0:227  0:000   - driver needs connecting
0:227  0:000  10 drivers needs connecting ...
0:227  0:000  PlatformDriverOverrideProtocol not found. Installing ... Success
0:227  0:000  Partition driver loaded: CD disconnect Success
0:227  0:000  HFS+ driver loaded
0:227  0:000  APFS driver loaded
0:227  0:000  Searching for invalid DiskIo BY_DRIVER connects: not found, all ok
0:471  0:243  === [ InitScreen ] ==============================
0:471  0:000  Console modes reported: 4, available modes:
0:471  0:000   - [01]: 80x25 (current mode)
0:471  0:000   - [03]: 100x31
0:471  0:000   - [04]: 128x40
0:471  0:000  SetScreenResolution: 1920x1080 - not found!
0:471  0:000  SetMaxResolution: found best mode 10: 1920x1200
0:491  0:020  Video mode change to mode #10: Success
0:491  0:000   - set
0:491  0:000  SetScreenResolution: 1920x1200 - already set
0:491  0:000  reinit: self device path=PciRoot(0x0)\Pci(0x1F,0x7)\NVMe(0x1,50-01-C4-23-83-35-5F-F1)\HD(1,GPT,F439D7F0-05B8-4A8B-A8BD-596DFE787134,0x800,0x104008)
0:491  0:000  new SelfHandle=ADDA3198
0:494  0:002  Using embedded font
0:494  0:000  === [ GetMacAddress ] ===========================
0:495  0:000  MAC address of LAN #0= 00:1C:42:A2:CE:A3:
0:495  0:000  MAC address of LAN #1= 00:1C:42:A2:CE:A3:
0:495  0:000  MAC address of LAN #2= 00:1C:42:A2:CE:A3:
0:495  0:000  === [ ScanSPD ] =================================
0:495  0:000  Scanning SMBus [8086:283E], mmio: 0xC4028000, ioport: 0xD040, hostc: 0x2
0:495  0:000  === [ GetAcpiTablesList ] =======================
0:495  0:000  Get Acpi Tables List from RSDT:
0:495  0:000   - [00]: FACP  PRLS_OEM len=244
0:495  0:000   - [01]: MCFG  PRLS_OEM len=60
0:495  0:000   - [02]: APIC  PRLS_OEM len=534
0:495  0:000   - [03]: HPET  PRLS_OEM len=56
0:495  0:000   - [04]: WAET  PRLS_OEM len=40
0:495  0:000   - [05]: OEM1  PRLS_OEM len=916
0:495  0:000  Calibrated TSC Frequency = 1800034851 = 1800MHz
0:496  0:000  === [ GetUserSettings ] =========================
0:496  0:000   Custom EDID is ok
0:496  0:000  Can't install EdidOverride on ImageHandle
0:496  0:000  Add 1 devices (kTagTypeDict):
0:496  0:000  USB FixOwnership: yes
0:496  0:000  Dropping 2 tables:
0:496  0:000   - [00]: Drop table  signature="DMAR" (52414D44)
0:496  0:000  ----
0:496  0:000           - set table: 52414D44,                0 to drop: no
0:496  0:000   - [01]: Drop table  signature="SSDT" (54445353)
0:496  0:000   table-id="xh_rvp10" (30317076725F6878)
0:496  0:000  ----
0:496  0:000           - set table: 54445353, 30317076725f6878 to drop: no
0:496  0:000   - final DSDT Fix mask=50400040
0:496  0:000  PatchesDSDT: 11 requested
0:496  0:000   - [00]: (GFX0 to IGPU) lenToFind: 4, lenToReplace: 4, Target Bridge: 
0:496  0:000   - [01]: (HDAS to HDEF) lenToFind: 4, lenToReplace: 4, Target Bridge: 
0:496  0:000    patch disabled at config
0:496  0:000   - [02]: (HECI to IMEI) lenToFind: 4, lenToReplace: 4, Target Bridge: 
0:496  0:000    patch disabled at config
0:496  0:000   - [03]: (SAT0 to SATA) lenToFind: 4, lenToReplace: 4, Target Bridge: 
0:496  0:000   - [04]: (GLAN to GIGE) lenToFind: 4, lenToReplace: 4, Target Bridge: 
0:496  0:000    patch disabled at config
0:496  0:000   - [05]: (H_EC to EC) lenToFind: 4, lenToReplace: 4, Target Bridge: 
0:496  0:000   - [06]: (EC0 to EC) lenToFind: 4, lenToReplace: 4, Target Bridge: 
0:496  0:000   - [07]: (ECDV to EC) lenToFind: 4, lenToReplace: 4, Target Bridge: 
0:496  0:000    patch disabled at config
0:496  0:000   - [08]: (Method(GPRW,2,N) to XPRW) lenToFind: 4, lenToReplace: 4, Target Bridge: 
0:496  0:000    patch disabled at config
0:496  0:000   - [09]: (change _OSI to XOSI) lenToFind: 4, lenToReplace: 4, Target Bridge: 
0:496  0:000   - [10]: (change _DSM to XDSM) lenToFind: 4, lenToReplace: 4, Target Bridge: 
0:496  0:000    patch disabled at config
0:496  0:000  PluginType: 1
0:496  0:000  Using ProductName from config: MacBookPro14,1
0:496  0:000  Using latest BiosVersion from config
0:496  0:000  BiosVersion: MBP141.88Z.F000.B00.1905281616
0:496  0:000  BiosReleaseDate: 05/28/2019
0:496  0:000  Using latest EfiVersion from clover: 205.0.0.0.0
0:496  0:000  Using FirmwareFeatures from config: 0xFC0FE137
0:496  0:000  Using FirmwareFeaturesMask from config: 0xFF1FFF3F
0:496  0:000  Board-ID set from config as Mac-B4831CEBD52A0C4C
0:496  0:000  BoardType: 0xA
0:496  0:000  ChassisType: 0x9
0:496  0:000  Converted CustomUUID 11E5778A-F72D-56C1-B22A-36503033C7BD
0:498  0:001  === [ Found DSDT tables ] =======================
0:498  0:000  - DSDT.aml
1:686  1:187  === [ ScanVolumes ] =============================
1:686  0:000  Found 10 volumes with blockIO
1:686  0:000  - [00]: Volume: PciRoot(0x0)\Pci(0x1F,0x2)\Sata(0x0,0x0,0x0)
1:686  0:000  Detected name K@YLU
1:686  0:000          Found Windows DVD
1:686  0:000          Result of bootcode detection: bootable unknown (win)
1:686  0:000  - [01]: Volume: PciRoot(0x0)\Pci(0x1F,0x7)\NVMe(0x1,50-01-C4-23-83-35-5F-F1)
1:687  0:000  - [02]: Volume: PciRoot(0x0)\Pci(0x1F,0x7)\NVMe(0x1,50-01-C4-23-83-35-5F-F1)\HD(1,GPT,F439D7F0-05B8-4A8B-A8BD-596DFE787134,0x800,0x104008)
1:688  0:000          Result of bootcode detection: bootable Windows (vista,win)
1:688  0:000          This is SelfVolume !!
1:688  0:000  - [03]: Volume: PciRoot(0x0)\Pci(0x1F,0x7)\NVMe(0x1,50-01-C4-23-83-35-5F-F1)\HD(2,GPT,3B0C3C0C-9DCC-4AF0-BD88-A2081BB41298,0x104808,0x8000)
1:688  0:000  - [04]: Volume: PciRoot(0x0)\Pci(0x1F,0x7)\NVMe(0x1,50-01-C4-23-83-35-5F-F1)\HD(3,GPT,ED849C05-6A3D-4F60-B63F-54ED7771F2DA,0x10D000,0x10164000)
1:688  0:000  - [05]: Volume: PciRoot(0x0)\Pci(0x1F,0x7)\NVMe(0x1,50-01-C4-23-83-35-5F-F1)\HD(4,GPT,58C09DE8-B1EA-45E3-B9F3-F0B83D22BB25,0x10271000,0x8E9B000)
1:689  0:000          Result of bootcode detection: bootable Windows (vista,win)
1:689  0:000  - [06]: Volume: PciRoot(0x0)\Pci(0x1F,0x7)\NVMe(0x1,50-01-C4-23-83-35-5F-F1)\HD(5,GPT,599D9DC8-4A5D-4187-B7DA-360CC475DA1D,0x1910C800,0x1B7C7800)
1:689  0:000  - [07]: Volume: PciRoot(0x0)\Pci(0x1F,0x7)\NVMe(0x1,50-01-C4-23-83-35-5F-F1)\HD(6,GPT,B4E19086-5740-43E0-A6C1-4B0E000D3899,0x34914000,0x708D288)
1:689  0:000  - [08]: Volume: PciRoot(0x0)\Pci(0x1F,0x2)\Sata(0x0,0x0,0x0)\CDROM(0x0)
1:689  0:000  Detected name 
1:689  0:000          Result of bootcode detection: bootable unknown (legacy)
1:689  0:000  - [09]: Volume: PciRoot(0x0)\Pci(0x1F,0x2)\Sata(0x0,0x0,0x0)\CDROM(0x1)
1:690  0:000  Detected name 
1:690  0:000          Result of bootcode detection: bootable unknown (legacy)
1:690  0:000  No AudioIoProtocols, status=Not Found
1:690  0:000  use Daylight theme
1:690  0:000  === [ InitXTheme ] ==============================
1:700  0:010  Using theme 'clover-minimal-inverted' (EFI\CLOVER\themes\clover-minimal-inverted)
1:700  0:000  chosen theme clover-minimal-inverted
1:700  0:000  OS main and drive as badge
1:703  0:003  vol_internal not decoded
1:703  0:000  vol_external not decoded
1:704  0:000  vol_optical not decoded
1:704  0:000  vol_firewire not decoded
1:704  0:000  vol_clover not decoded
1:704  0:000  vol_internal_hfs not decoded
1:704  0:000  got day icon 17 name{vol_internal_hfs}
1:705  0:000  got day icon 18 name{vol_internal_apfs}
1:705  0:000  vol_internal_ntfs not decoded
1:705  0:000  got day icon 19 name{vol_internal_ntfs}
1:705  0:000  vol_internal_ext3 not decoded
1:706  0:000  got day icon 20 name{vol_internal_ext3}
1:706  0:000  got day icon 21 name{vol_recovery}
1:713  0:007  got day icon 23 name{selection_small}
1:713  0:000  got day icon 24 name{selection_big}
1:713  0:000  got day icon 45 name{radio_button}
1:713  0:000  got day icon 46 name{radio_button_selected}
1:713  0:000  got day icon 47 name{checkbox}
1:713  0:000  got day icon 48 name{checkbox_checked}
1:747  0:033  sound play end with status=Device Error
1:749  0:002  theme inited
1:749  0:000  Chosen theme clover-minimal-inverted
1:749  0:000  after NVRAM boot-args=
1:749  0:000  === [ Dump SMC keys from NVRAM ] ================
1:749  0:000  found AppleSMC protocol
1:750  0:001  === [ ScanLoader ] ==============================
1:750  0:000  - [02]: 'SYSTEM_DRV'
1:751  0:000          AddLoaderEntry for Volume Name=SYSTEM_DRV
1:751  0:000  IconName=vista,win comma=5 size=9
1:751  0:000  got day icon 44 name{os_vista}
1:751  0:000    first=os_vista
1:751  0:000  got day icon 19 name{vol_internal_ntfs}
1:752  0:000   Show badge as Drive.    Loader entry created for 'PciRoot(0x0)\Pci(0x1F,0x7)\NVMe(0x1,50-01-C4-23-83-35-5F-F1)\HD(1,GPT,F439D7F0-05B8-4A8B-A8BD-596DFE787134,0x800,0x104008)\EFI\microsoft\Boot\bootmgfw.efi'
1:753  0:001          AddLoaderEntry for Volume Name=SYSTEM_DRV
1:753  0:000          skipped because entry is hidden
1:753  0:000  - [05]: 'Win-SSD'
1:757  0:004  - [09]: ''
1:758  0:000          AddLoaderEntry for Volume Name=
1:758  0:000  IconName=unknown comma=-1 size=7
1:758  0:000  got day icon 51 name{os_unknown}
1:758  0:000    Full=unknown
1:758  0:000  got day icon 14 name{vol_optical}
1:758  0:000   Show badge as Drive.    Loader entry created for 'PciRoot(0x0)\Pci(0x1F,0x2)\Sata(0x0,0x0,0x0)\CDROM(0x1)\EFI\BOOT\BOOTX64.efi'
1:758  0:000  Scanning legacy ...
1:758  0:000  IconName=win comma=-1 size=3
1:758  0:000  got day icon 43 name{os_win}
1:758  0:000    Full=win
1:758  0:000  got day icon 14 name{vol_optical}
1:758  0:000  IconName=vista,win comma=5 size=9
1:758  0:000  got day icon 44 name{os_vista}
1:758  0:000    first=os_vista
1:758  0:000  got day icon 19 name{vol_internal_ntfs}
1:758  0:000  IconName=vista,win comma=5 size=9
1:758  0:000  got day icon 44 name{os_vista}
1:758  0:000    first=os_vista
1:758  0:000  got day icon 19 name{vol_internal_ntfs}
1:758  0:000  === [ AddCustomTool ] ===========================
1:758  0:000  got day icon 8 name{tool_shell}
1:759  0:000  found tool \EFI\CLOVER\tools\Shell64U.efi
1:759  0:000  Checking EFI partition Volume 2 for Clover
1:759  0:000   Found Clover
1:759  0:000  got day icon 2 name{func_clover}
1:759  0:000  got day icon 1 name{func_options}
1:759  0:000  got day icon 0 name{func_about}
1:759  0:000  got day icon 5 name{func_reset}
1:759  0:000  got day icon 6 name{func_shutdown}
1:759  0:000  === [ GetEfiBootDeviceFromNvram ] ===============
1:759  0:000   - efi-boot-device-data: PciRoot(0x0)\Pci(0x1F,0x2)\Sata(0x0,0x0,0x0)\CDROM(0x1)\EFI\BOOT\BOOTX64.efi
1:759  0:000    - Volume: 'PciRoot(0x0)\Pci(0x1F,0x2)\Sata(0x0,0x0,0x0)\CDROM(0x1)'
1:759  0:000    - LoaderPath: '\EFI\BOOT\BOOTX64.efi'
1:759  0:000  === [ FindStartupDiskVolume ] ===================
1:759  0:000    - Volume: partition = PciRoot(0x0)\Pci(0x1F,0x2)\Sata(0x0,0x0,0x0)\CDROM(0x1)
1:759  0:000     - searching for that partition and loader '\EFI\BOOT\BOOTX64.efi'
1:759  0:000      - found entry 1. 'Boot UEFI optical from CDROM(0x1)', Volume '', '\EFI\BOOT\BOOTX64.efi'
1:759  0:000  Boot redirected to Entry 1. 'Boot UEFI optical from CDROM(0x1)'
1:759  0:000  BannerPlace at Clear Screen [0,0]
1:985  0:225  AnimeRun=1
2:115  0:129  got day icon 11 name{pointer}
2:116  0:000  GUI ready
4:110  1:994  BootVariable of the entry is empty
4:110  0:000  SetStartupDiskVolume:
4:110  0:000    * Volume: 'K@YLU'
4:110  0:000    * LoaderPath: ''
4:110  0:000    * DevPath: K@YLU
4:110  0:000    * GUID = <null guid>
4:126  0:015  CDROMBoot: Booting LBA 330 @7C00 L4000
